C51 COMPILER V9.57.0.0   DIS_ADC                                                           11/20/2020 17:06:35 PAGE 1   


C51 COMPILER V9.57.0.0, COMPILATION OF MODULE DIS_ADC
OBJECT MODULE PLACED IN dis_ADC.OBJ
COMPILER INVOKED BY: C:\Keil_v5\C51\BIN\C51.EXE dis_ADC.c BROWSE DEBUG OBJECTEXTEND

line level    source

   1          #include"STC15F2K60S2.h"
   2          #include "intrins.h"
   3          //#include "Delay.h"
   4          typedef unsigned char BYTE;
   5          
   6          sbit    tr              =       P1^1;   //trigger of detector
   7          sbit    ec              =       P1^2;   //echo of detector
   8          sbit    button  =       P0^1;   //
   9          
  10          
  11          //void detectorInit(void);
  12          //void detectorTrig(void);
  13          void    SendData        (unsigned char dat);
  14          void    Uart_Init       (void);
  15          void    ADC_init        (void);
  16          //void delay(void);
  17           
  18          void Delay10us(void);//10us延时函数
  19          void Delay1ms(void);//1ms延时函数
  20          unsigned int Read_value(void);//读值函数
  21          void InitTimer0(void);//定时器0初始化
  22           
  23          void main()
  24          {       Uart_Init();
  25   1              ADC_init();
  26   1      while(1){
  27   2              unsigned int distance;
  28   2              tr=0;//出发引脚首先拉低
  29   2              InitTimer0();//初始化定时器0
  30   2              distance=Read_value();//读值
  31   2              Delay1ms();
  32   2              }
  33   1      }
  34           
  35           
  36          /********************读值函数***********************/
  37          unsigned int Read_value()
  38          {
  39   1              float temp;
  40   1              unsigned int result;
  41   1              tr=1;//触发引脚发出11us的触发信号（至少10us）
  42   1              Delay10us();
  43   1              _nop_();
  44   1              tr=0;
  45   1              //SendData(05);
  46   1              while(!ec);//度过回响信号的低电平
  47   1              TR0=1;//开启定时器0
  48   1              while(ec);//度过回响信号高电平
  49   1              TR0=0;//关闭定时器0
  50   1              ADC_init();
  51   1              temp=TH0*256+TL0;
  52   1              temp/=1000.0;
  53   1              temp*=17.0;
  54   1              result=temp;
  55   1              if(temp-result>=0.5)
C51 COMPILER V9.57.0.0   DIS_ADC                                                           11/20/2020 17:06:35 PAGE 2   

  56   1              {
  57   2                      result+=1;
  58   2              }
  59   1              SendData(result);
  60   1              return result;                  
  61   1      }
  62          /***********************10us延时函数*****************************/
  63          void Delay10us()
  64          {
  65   1              unsigned char i;
  66   1              i=2;
  67   1              while(--i);
  68   1              
  69   1      }
  70          /***********************1ms延时函数*****************************/
  71          void Delay1ms()   //误差 0us
  72          {
  73   1          unsigned char a,b,c;
  74   1          for(c=1;c>0;c--)
  75   1              for(b=142;b>0;b--)
  76   1                  for(a=2;a>0;a--);
  77   1      }
  78          /************************定时器0初始化*****************************/
  79          void InitTimer0(void)
  80          {
  81   1          TMOD = 0x01;
  82   1          TH0 = 0x00;
  83   1          TL0 = 0x00;
  84   1          TR0 = 0;//先关闭定时器0
  85   1      }
  86          
  87          //串口初始化函数
  88          void Uart_Init()
  89          {
  90   1              SCON = 0x5a; 
  91   1              T2L = 0xe0; 
  92   1              T2H = 0xfe; //9600 bps
  93   1              AUXR = 0x14; 
  94   1              AUXR |= 0x01;
  95   1              
  96   1              EA=1;
  97   1              ES=1;
  98   1              
  99   1      }
 100          
 101          /**********ADC initialize*****************************/
 102          void    ADC_init(){
 103   1              unsigned int i;
 104   1          P1ASF=0x10;                         //设置P1.4为模拟量输入功能
 105   1          ADC_CONTR=0x84;                     //打开A/D转换电源，设置输入通道
 106   1          for(i=1000;i>0;i--);                //适当延时
 107   1          CLK_DIV|=0x20;                      //ADRJ=1.设置A/D转换结果的存储格式
 108   1          ADC_CONTR=0x8c;                     //启动A/D转换
 109   1              PADC=1;                                                         // 高优先级
 110   1          EA=1;
 111   1          EADC=1;
 112   1      }
 113          
 114          /*******************ADC INT*****************************/
 115          void ADC_ISR() interrupt 5      using 1
 116          {
 117   1              ADC_CONTR=0x84;                     //将ADC_FLAG清0；
C51 COMPILER V9.57.0.0   DIS_ADC                                                           11/20/2020 17:06:35 PAGE 3   

 118   1          P2=~P2;
 119   1              //SendData(ADC_RES);                                    // 发送给串口
 120   1              //internal of data
 121   1              //SendData(8);
 122   1              //SendData(0);                   
 123   1          ADC_CONTR=0x8c;                     //重新启动A/D转换
 124   1      }       
 125          
 126          void SendData(unsigned char dat)
 127          {
 128   1              while (!TI); 
 129   1              TI = 0; 
 130   1              SBUF = dat;
 131   1      } 


MODULE INFORMATION:   STATIC OVERLAYABLE
   CODE SIZE        =    270    ----
   CONSTANT SIZE    =   ----    ----
   XDATA SIZE       =   ----    ----
   PDATA SIZE       =   ----    ----
   DATA SIZE        =   ----       8
   IDATA SIZE       =   ----    ----
   BIT SIZE         =   ----    ----
END OF MODULE INFORMATION.


C51 COMPILATION COMPLETE.  0 WARNING(S),  0 ERROR(S)
