C51 COMPILER V9.57.0.0   LCD1602                                                           11/21/2020 19:44:49 PAGE 1   


C51 COMPILER V9.57.0.0, COMPILATION OF MODULE LCD1602
OBJECT MODULE PLACED IN lcd1602.OBJ
COMPILER INVOKED BY: C:\Keil_v5\C51\BIN\C51.EXE lcd1602.c BROWSE DEBUG OBJECTEXTEND

line level    source

   1          /************************************************************************************
   2          
   3          程序名称： 1602显示屏驱动程序    
   4          功能说明:  包括1602初始化,清屏,写字符串等           
   5          
   6          ************************************************************************************/
   7           #include "delay.h"
   8           #include "stc15f2k60s2.h"
   9           #include <intrins.h>                   // 加入此头文件后,可使用_nop_库函数
  10          
  11          
  12           sbit RS=P2^0;
  13           sbit RW=P2^1;
  14           sbit EN=P2^2;
  15           
  16          
  17          
  18           #define RS_CLR RS=0
  19           #define RS_SET RS=1
  20          
  21           #define RW_CLR RW=0
  22           #define RW_SET RW=1
  23          
  24           #define EN_CLR EN=0
  25           #define EN_SET EN=1
  26          
  27           #define dataport P0
  28          
  29          
  30          bit lcd_check_busy(void)        //LCD判忙检查
  31          {
  32   1              dataport= 0xFF;
  33   1              RS_CLR;
  34   1              RW_SET;
  35   1              EN_CLR;
  36   1              _nop_();
  37   1              EN_SET;
  38   1              return (bit) (dataport & 0x80); 
  39   1      }
  40          
  41          void lcd_write_com(unsigned char com)   //LCD 写指令函数
  42          {
  43   1              while(lcd_check_busy());
  44   1              RS_CLR;
  45   1              RW_CLR;
  46   1              EN_SET;
  47   1              dataport= com;
  48   1              _nop_();
  49   1              EN_CLR;
  50   1      }
  51          
  52          void lcd_write_data(unsigned char Data)
  53          {
  54   1              while(lcd_check_busy());
  55   1              RS_SET;
C51 COMPILER V9.57.0.0   LCD1602                                                           11/21/2020 19:44:49 PAGE 2   

  56   1              RW_CLR;
  57   1              EN_SET;
  58   1              dataport= Data;
  59   1              _nop_();
  60   1              EN_CLR;
  61   1      }
  62          
  63          void lcd_clear(void)    //清屏函数
  64          {
  65   1              lcd_write_com(0x01);
  66   1              DelayMS(5);
  67   1      }
  68          
  69          void lcd_write_string(unsigned char x,unsigned char y,unsigned char *s) //字符串显示函数
  70          {
  71   1              if (y==0)
  72   1              {
  73   2                      lcd_write_com(0x80 + x);
  74   2              }
  75   1                      else 
  76   1                      {
  77   2                              lcd_write_com(0xC0 + x);
  78   2                      }
  79   1               while(*s)
  80   1              {
  81   2                      lcd_write_data(*s);
  82   2                      s++;
  83   2              }
  84   1      }
  85          
  86          /*                             //字符显示函数 */
  87          void lcd_write_char(unsigned char x,unsigned char y, unsigned char Data)
  88          {
  89   1              if(y==0)
  90   1                      {
  91   2                              lcd_write_com(0x80 + x);
  92   2                      }
  93   1                      else
  94   1                      {
  95   2                              lcd_write_com(0xC0 + x);
  96   2                      }
  97   1              lcd_write_data(Data);
  98   1      }
  99          
 100          void lcd_init(void)             //LCD初始化
 101          {
 102   1              lcd_write_com(0x38);
 103   1              DelayMS(5);
 104   1              lcd_write_com(0x38);
 105   1              DelayMS(5);
 106   1              lcd_write_com(0x38);
 107   1              DelayMS(5);
 108   1              lcd_write_com(0x38);
 109   1              lcd_write_com(0x08);
 110   1              lcd_write_com(0x01);
 111   1              lcd_write_com(0x06);
 112   1              DelayMS(5);
 113   1              lcd_write_com(0x0c);
 114   1      }


MODULE INFORMATION:   STATIC OVERLAYABLE
C51 COMPILER V9.57.0.0   LCD1602                                                           11/21/2020 19:44:49 PAGE 3   

   CODE SIZE        =    189    ----
   CONSTANT SIZE    =   ----    ----
   XDATA SIZE       =   ----    ----
   PDATA SIZE       =   ----    ----
   DATA SIZE        =   ----    ----
   IDATA SIZE       =   ----    ----
   BIT SIZE         =   ----    ----
END OF MODULE INFORMATION.


C51 COMPILATION COMPLETE.  0 WARNING(S),  0 ERROR(S)
